# JRE version: OpenJDK Runtime Environment (22.0.1+8) (build 22.0.1+8-16)
# Java VM: OpenJDK 64-Bit Server VM (22.0.1+8-16, mixed mode, emulated-client, sharing, tiered, compressed oops, compressed class ptrs, g1 gc, windows-amd64)
GC Precious Log:
 CardTable entry size: 512
 Card Set container configuration: InlinePtr #cards 5 size 8 Array Of Cards #cards 12 size 40 Howl #buckets 4 coarsen threshold 1843 Howl Bitmap #cards 512 size 80 coarsen threshold 460 Card regions per heap region 1 cards per card region 2048
 CPUs: 8 total, 8 available
 Memory: 8043M
 Large Page Support: Disabled
 NUMA Support: Disabled
 Compressed Oops: Enabled (32-bit)
 Heap Region Size: 1M
 Heap Min Capacity: 8M
 Heap Initial Capacity: 126M
 Heap Max Capacity: 2012M
 Pre-touch: Disabled
 Parallel Workers: 8
 Concurrent Workers: 2
 Concurrent Refinement Workers: 8
 Periodic GC: Disabled
Heap:
 garbage-first heap   total reserved 2060288K, committed 99328K, used 57040K [0x0000000082400000, 0x0000000100000000)
  region size 1024K, 19 young (19456K), 4 survivors (4096K)
 Metaspace       used 84035K, committed 85312K, reserved 1179648K
  class space    used 11739K, committed 12288K, reserved 1048576K
GC Heap History (20 events):
Event: 12997.519 GC heap before
{Heap before GC invocations=143 (full 19):
 garbage-first heap   total reserved 2060288K, committed 99328K, used 83272K [0x0000000082400000, 0x0000000100000000)
  region size 1024K, 52 young (53248K), 5 survivors (5120K)
 Metaspace       used 82520K, committed 83712K, reserved 1179648K
  class space    used 11567K, committed 12096K, reserved 1048576K
}
Event: 12997.529 GC heap after
{Heap after GC invocations=144 (full 19):
 garbage-first heap   total reserved 2060288K, committed 99328K, used 38488K [0x0000000082400000, 0x0000000100000000)
  region size 1024K, 4 young (4096K), 4 survivors (4096K)
 Metaspace       used 82520K, committed 83712K, reserved 1179648K
  class space    used 11567K, committed 12096K, reserved 1048576K
}
Event: 13092.136 GC heap before
{Heap before GC invocations=144 (full 19):
 garbage-first heap   total reserved 2060288K, committed 99328K, used 84568K [0x0000000082400000, 0x0000000100000000)
  region size 1024K, 49 young (50176K), 4 survivors (4096K)
 Metaspace       used 82520K, committed 83712K, reserved 1179648K
  class space    used 11567K, committed 12096K, reserved 1048576K
}
Event: 13092.145 GC heap after
{Heap after GC invocations=145 (full 19):
 garbage-first heap   total reserved 2060288K, committed 99328K, used 38438K [0x0000000082400000, 0x0000000100000000)
  region size 1024K, 4 young (4096K), 4 survivors (4096K)
 Metaspace       used 82520K, committed 83712K, reserved 1179648K
  class space    used 11567K, committed 12096K, reserved 1048576K
}
Event: 13158.970 GC heap before
{Heap before GC invocations=145 (full 19):
 garbage-first heap   total reserved 2060288K, committed 99328K, used 72230K [0x0000000082400000, 0x0000000100000000)
  region size 1024K, 38 young (38912K), 4 survivors (4096K)
 Metaspace       used 82522K, committed 83712K, reserved 1179648K
  class space    used 11568K, committed 12096K, reserved 1048576K
}
Event: 13159.078 GC heap after
{Heap after GC invocations=146 (full 20):
 garbage-first heap   total reserved 2060288K, committed 99328K, used 27007K [0x0000000082400000, 0x0000000100000000)
  region size 1024K, 0 young (0K), 0 survivors (0K)
 Metaspace       used 82272K, committed 83712K, reserved 1179648K
  class space    used 11500K, committed 12096K, reserved 1048576K
}
Event: 13160.020 GC heap before
{Heap before GC invocations=146 (full 20):
 garbage-first heap   total reserved 2060288K, committed 99328K, used 84351K [0x0000000082400000, 0x0000000100000000)
  region size 1024K, 57 young (58368K), 0 survivors (0K)
 Metaspace       used 82533K, committed 83712K, reserved 1179648K
  class space    used 11556K, committed 12096K, reserved 1048576K
}
Event: 13160.039 GC heap after
{Heap after GC invocations=147 (full 20):
 garbage-first heap   total reserved 2060288K, committed 99328K, used 33487K [0x0000000082400000, 0x0000000100000000)
  region size 1024K, 7 young (7168K), 7 survivors (7168K)
 Metaspace       used 82533K, committed 83712K, reserved 1179648K
  class space    used 11556K, committed 12096K, reserved 1048576K
}
Event: 13162.138 GC heap before
{Heap before GC invocations=148 (full 20):
 garbage-first heap   total reserved 2060288K, committed 99328K, used 81615K [0x0000000082400000, 0x0000000100000000)
  region size 1024K, 55 young (56320K), 7 survivors (7168K)
 Metaspace       used 82823K, committed 83968K, reserved 1179648K
  class space    used 11587K, committed 12096K, reserved 1048576K
}
Event: 13162.147 GC heap after
{Heap after GC invocations=149 (full 20):
 garbage-first heap   total reserved 2060288K, committed 99328K, used 36728K [0x0000000082400000, 0x0000000100000000)
  region size 1024K, 5 young (5120K), 5 survivors (5120K)
 Metaspace       used 82823K, committed 83968K, reserved 1179648K
  class space    used 11587K, committed 12096K, reserved 1048576K
}
Event: 13162.882 GC heap before
{Heap before GC invocations=149 (full 20):
 garbage-first heap   total reserved 2060288K, committed 99328K, used 83832K [0x0000000082400000, 0x0000000100000000)
  region size 1024K, 52 young (53248K), 5 survivors (5120K)
 Metaspace       used 83253K, committed 84416K, reserved 1179648K
  class space    used 11644K, committed 12160K, reserved 1048576K
}
Event: 13162.898 GC heap after
{Heap after GC invocations=150 (full 20):
 garbage-first heap   total reserved 2060288K, committed 99328K, used 41074K [0x0000000082400000, 0x0000000100000000)
  region size 1024K, 5 young (5120K), 5 survivors (5120K)
 Metaspace       used 83253K, committed 84416K, reserved 1179648K
  class space    used 11644K, committed 12160K, reserved 1048576K
}
Event: 13193.612 GC heap before
{Heap before GC invocations=150 (full 20):
 garbage-first heap   total reserved 2060288K, committed 99328K, used 78962K [0x0000000082400000, 0x0000000100000000)
  region size 1024K, 43 young (44032K), 5 survivors (5120K)
 Metaspace       used 83410K, committed 84672K, reserved 1179648K
  class space    used 11681K, committed 12224K, reserved 1048576K
}
Event: 13193.678 GC heap after
{Heap after GC invocations=151 (full 21):
 garbage-first heap   total reserved 2060288K, committed 99328K, used 32147K [0x0000000082400000, 0x0000000100000000)
  region size 1024K, 0 young (0K), 0 survivors (0K)
 Metaspace       used 83266K, committed 84672K, reserved 1179648K
  class space    used 11645K, committed 12224K, reserved 1048576K
}
Event: 13194.524 GC heap before
{Heap before GC invocations=151 (full 21):
 garbage-first heap   total reserved 2060288K, committed 99328K, used 84371K [0x0000000082400000, 0x0000000100000000)
  region size 1024K, 52 young (53248K), 0 survivors (0K)
 Metaspace       used 83401K, committed 84672K, reserved 1179648K
  class space    used 11673K, committed 12224K, reserved 1048576K
}
Event: 13194.528 GC heap after
{Heap after GC invocations=152 (full 21):
 garbage-first heap   total reserved 2060288K, committed 99328K, used 36796K [0x0000000082400000, 0x0000000100000000)
  region size 1024K, 5 young (5120K), 5 survivors (5120K)
 Metaspace       used 83401K, committed 84672K, reserved 1179648K
  class space    used 11673K, committed 12224K, reserved 1048576K
}
Event: 13197.744 GC heap before
{Heap before GC invocations=153 (full 21):
 garbage-first heap   total reserved 2060288K, committed 99328K, used 85948K [0x0000000082400000, 0x0000000100000000)
  region size 1024K, 53 young (54272K), 5 survivors (5120K)
 Metaspace       used 83703K, committed 84928K, reserved 1179648K
  class space    used 11710K, committed 12224K, reserved 1048576K
}
Event: 13197.758 GC heap after
{Heap after GC invocations=154 (full 21):
 garbage-first heap   total reserved 2060288K, committed 99328K, used 39238K [0x0000000082400000, 0x0000000100000000)
  region size 1024K, 4 young (4096K), 4 survivors (4096K)
 Metaspace       used 83703K, committed 84928K, reserved 1179648K
  class space    used 11710K, committed 12224K, reserved 1048576K
}
Event: 13198.431 GC heap before
{Heap before GC invocations=154 (full 21):
 garbage-first heap   total reserved 2060288K, committed 99328K, used 85318K [0x0000000082400000, 0x0000000100000000)
  region size 1024K, 50 young (51200K), 4 survivors (4096K)
 Metaspace       used 84022K, committed 85248K, reserved 1179648K
  class space    used 11739K, committed 12288K, reserved 1048576K
}
Event: 13198.447 GC heap after
{Heap after GC invocations=155 (full 21):
 garbage-first heap   total reserved 2060288K, committed 99328K, used 42704K [0x0000000082400000, 0x0000000100000000)
  region size 1024K, 4 young (4096K), 4 survivors (4096K)
 Metaspace       used 84022K, committed 85248K, reserved 1179648K
  class space    used 11739K, committed 12288K, reserved 1048576K
}

